<?xml version="1.0" encoding="UTF-8"?>
<!-- Generated by org.testng.reporters.JUnitReportReporter -->
<testsuite hostname="DESKTOP-THHJ88C" failures="0" tests="3" name="loanApplications.CarLoanApplicationTests" time="0.016" errors="0" timestamp="2022-09-27T11:35:43 IST" skipped="0">
  <testcase classname="loanApplications.CarLoanApplicationTests" name="carLoanLoginMobile" time="0.002"/>
  <system-out/>
  <testcase classname="loanApplications.CarLoanApplicationTests" name="carLoanLoginWeb" time="0.009"/>
  <system-out/>
  <testcase classname="loanApplications.CarLoanApplicationTests" name="carLoanLoginAPI" time="0.005"/>
  <system-out/>
</testsuite> <!-- loanApplications.CarLoanApplicationTests -->
