<?xml version="1.0" encoding="UTF-8"?>
<!-- Generated by org.testng.reporters.JUnitReportReporter -->
<testsuite hostname="DESKTOP-THHJ88C" failures="0" tests="3" name="loanApplications.HomeLoanApplicationTests" time="0.011" errors="0" timestamp="2022-09-27T11:35:43 IST" skipped="0">
  <testcase classname="loanApplications.HomeLoanApplicationTests" name="HomeLoanLoginMobile" time="0.003"/>
  <system-out/>
  <testcase classname="loanApplications.HomeLoanApplicationTests" name="HomeLoanLoginWeb" time="0.003"/>
  <system-out/>
  <testcase classname="loanApplications.HomeLoanApplicationTests" name="HomeLoanLoginAPI" time="0.005"/>
  <system-out/>
</testsuite> <!-- loanApplications.HomeLoanApplicationTests -->
