<?xml version="1.0" encoding="UTF-8"?>
<!-- Generated by org.testng.reporters.JUnitReportReporter -->
<testsuite hostname="DESKTOP-THHJ88C" failures="0" tests="1" name="flipkartTest.testing_flipkart" time="33.474" errors="0" timestamp="2022-10-09T14:19:50 IST" skipped="0">
  <testcase classname="flipkartTest.testing_flipkart" name="testSearch" time="33.474"/>
  <system-out/>
</testsuite> <!-- flipkartTest.testing_flipkart -->
